3. Implementation/src/scientific.c:121:11: style: Condition 'flag' is always true [knownConditionTrueFalse]
    while(flag)
          ^
3. Implementation/src/scientific.c:119:14: note: Assignment 'flag=1', assigned value is 1
    int flag=1;
             ^
3. Implementation/src/scientific.c:121:11: note: Condition 'flag' is always true
    while(flag)
          ^
3. Implementation/src/scientific.c:35:12: error: Uninitialized variable: ans [uninitvar]
    return ans;
           ^
3. Implementation/src/scientific.c:35:12: error: Uninitialized variable: ans [uninitvar]
    return ans;
           ^
3. Implementation/src/scientific.c:27:9: note: Assuming condition is true
    if(b==0)
        ^
3. Implementation/src/scientific.c:35:12: note: Uninitialized variable: ans
    return ans;
           ^
3. Implementation/src/scientific.c:57:22: style: Variable 'fact' is assigned a value that is never used. [unreadVariable]
    unsigned int fact=1;
                     ^
3. Implementation/src/scientific.c:66:6: style: Variable 'n' is assigned a value that is never used. [unreadVariable]
    n=3;
     ^
3. Implementation/unity/unity.c:0:0: information: Too many #ifdef configurations - cppcheck only checks 12 of 42 configurations. Use --force to check all configurations. [toomanyconfigs]

^
3. Implementation/unity/unity.c:275:9: style: The scope of the variable 'nibble' can be reduced. [variableScope]
    int nibble;
        ^
3. Implementation/unity/unity.c:1350:18: style: The scope of the variable 'i' can be reduced. [variableScope]
    UNITY_UINT32 i;
                 ^
3. Implementation/unity/unity.c:1390:18: style: The scope of the variable 'i' can be reduced. [variableScope]
    UNITY_UINT32 i;
                 ^
3. Implementation/unity/unity.c:1514:18: style: The scope of the variable 'bytes' can be reduced. [variableScope]
    UNITY_UINT32 bytes;
                 ^
3. Implementation/unity/unity.c:1758:28: style:inconclusive: Function 'UnityFail' argument 1 names different: declaration 'message' definition 'msg'. [funcArgNamesDifferent]
void UnityFail(const char* msg, const UNITY_LINE_TYPE line)
                           ^
3. Implementation/unity/unity_internals.h:620:28: note: Function 'UnityFail' argument 1 names different: declaration 'message' definition 'msg'.
void UnityFail(const char* message, const UNITY_LINE_TYPE line) UNITY_FUNCTION_ATTR(noreturn);
                           ^
3. Implementation/unity/unity.c:1758:28: note: Function 'UnityFail' argument 1 names different: declaration 'message' definition 'msg'.
void UnityFail(const char* msg, const UNITY_LINE_TYPE line)
                           ^
3. Implementation/unity/unity.c:1795:30: style:inconclusive: Function 'UnityIgnore' argument 1 names different: declaration 'message' definition 'msg'. [funcArgNamesDifferent]
void UnityIgnore(const char* msg, const UNITY_LINE_TYPE line)
                             ^
3. Implementation/unity/unity_internals.h:621:30: note: Function 'UnityIgnore' argument 1 names different: declaration 'message' definition 'msg'.
void UnityIgnore(const char* message, const UNITY_LINE_TYPE line) UNITY_FUNCTION_ATTR(noreturn);
                             ^
3. Implementation/unity/unity.c:1795:30: note: Function 'UnityIgnore' argument 1 names different: declaration 'message' definition 'msg'.
void UnityIgnore(const char* msg, const UNITY_LINE_TYPE line)
                             ^
3. Implementation/unity/unity.c:1811:31: style:inconclusive: Function 'UnityMessage' argument 1 names different: declaration 'message' definition 'msg'. [funcArgNamesDifferent]
void UnityMessage(const char* msg, const UNITY_LINE_TYPE line)
                              ^
3. Implementation/unity/unity_internals.h:622:31: note: Function 'UnityMessage' argument 1 names different: declaration 'message' definition 'msg'.
void UnityMessage(const char* message, const UNITY_LINE_TYPE line);
                              ^
3. Implementation/unity/unity.c:1811:31: note: Function 'UnityMessage' argument 1 names different: declaration 'message' definition 'msg'.
void UnityMessage(const char* msg, const UNITY_LINE_TYPE line)
                              ^
3. Implementation/unity/unity.c:1431:20: style: Variable 'i' is assigned a value that is never used. [unreadVariable]
    UNITY_UINT32 i = 0;
                   ^
3. Implementation/unity/unity.c:1833:0: information: Skipping configuration 'UNITY_CLOCK_MS;UNITY_EXEC_TIME_START;UNITY_EXEC_TIME_STOP;UNITY_PRINT_EXEC_TIME;UNITY_TIME_TYPE;UNITY_INCLUDE_EXEC_TIME' since the value of 'UNITY_EXEC_TIME_START' is unknown. Use -D if you want to check it. You can use -U to skip it explicitly. [ConfigurationNotChecked]
    UNITY_EXEC_TIME_START();
^
3. Implementation/unity/unity.c:1843:0: information: Skipping configuration 'UNITY_CLOCK_MS;UNITY_EXEC_TIME_START;UNITY_EXEC_TIME_STOP;UNITY_PRINT_EXEC_TIME;UNITY_TIME_TYPE;UNITY_INCLUDE_EXEC_TIME' since the value of 'UNITY_EXEC_TIME_STOP' is unknown. Use -D if you want to check it. You can use -U to skip it explicitly. [ConfigurationNotChecked]
    UNITY_EXEC_TIME_STOP();
^
3. Implementation/unity/unity.c:557:0: information: Skipping configuration 'UNITY_CLOCK_MS;UNITY_EXEC_TIME_START;UNITY_EXEC_TIME_STOP;UNITY_PRINT_EXEC_TIME;UNITY_TIME_TYPE;UNITY_INCLUDE_EXEC_TIME' since the value of 'UNITY_PRINT_EXEC_TIME' is unknown. Use -D if you want to check it. You can use -U to skip it explicitly. [ConfigurationNotChecked]
    UNITY_PRINT_EXEC_TIME();
^
3. Implementation/unity/unity_internals.h:471:0: information: Skipping configuration 'UNITY_CLOCK_MS;UNITY_EXEC_TIME_START;UNITY_EXEC_TIME_STOP;UNITY_PRINT_EXEC_TIME;UNITY_TIME_TYPE;UNITY_INCLUDE_EXEC_TIME' since the value of 'UNITY_TIME_TYPE' is unknown. Use -D if you want to check it. You can use -U to skip it explicitly. [ConfigurationNotChecked]
    UNITY_TIME_TYPE CurrentTestStartTime;
^
3. Implementation/unity/unity_internals.h:472:0: information: Skipping configuration 'UNITY_CLOCK_MS;UNITY_EXEC_TIME_START;UNITY_EXEC_TIME_STOP;UNITY_PRINT_EXEC_TIME;UNITY_TIME_TYPE;UNITY_INCLUDE_EXEC_TIME' since the value of 'UNITY_TIME_TYPE' is unknown. Use -D if you want to check it. You can use -U to skip it explicitly. [ConfigurationNotChecked]
    UNITY_TIME_TYPE CurrentTestStopTime;
^
3. Implementation/unity/unity.c:1833:0: information: Skipping configuration 'UNITY_EXEC_TIME_START;UNITY_EXEC_TIME_STOP;UNITY_PRINT_EXEC_TIME;UNITY_TIME_TYPE;UNITY_INCLUDE_EXEC_TIME' since the value of 'UNITY_EXEC_TIME_START' is unknown. Use -D if you want to check it. You can use -U to skip it explicitly. [ConfigurationNotChecked]
    UNITY_EXEC_TIME_START();
^
3. Implementation/unity/unity.c:1843:0: information: Skipping configuration 'UNITY_EXEC_TIME_START;UNITY_EXEC_TIME_STOP;UNITY_PRINT_EXEC_TIME;UNITY_TIME_TYPE;UNITY_INCLUDE_EXEC_TIME' since the value of 'UNITY_EXEC_TIME_STOP' is unknown. Use -D if you want to check it. You can use -U to skip it explicitly. [ConfigurationNotChecked]
    UNITY_EXEC_TIME_STOP();
^
3. Implementation/unity/unity.c:557:0: information: Skipping configuration 'UNITY_EXEC_TIME_START;UNITY_EXEC_TIME_STOP;UNITY_PRINT_EXEC_TIME;UNITY_TIME_TYPE;UNITY_INCLUDE_EXEC_TIME' since the value of 'UNITY_PRINT_EXEC_TIME' is unknown. Use -D if you want to check it. You can use -U to skip it explicitly. [ConfigurationNotChecked]
    UNITY_PRINT_EXEC_TIME();
^
3. Implementation/unity/unity_internals.h:471:0: information: Skipping configuration 'UNITY_EXEC_TIME_START;UNITY_EXEC_TIME_STOP;UNITY_PRINT_EXEC_TIME;UNITY_TIME_TYPE;UNITY_INCLUDE_EXEC_TIME' since the value of 'UNITY_TIME_TYPE' is unknown. Use -D if you want to check it. You can use -U to skip it explicitly. [ConfigurationNotChecked]
    UNITY_TIME_TYPE CurrentTestStartTime;
^
3. Implementation/unity/unity_internals.h:472:0: information: Skipping configuration 'UNITY_EXEC_TIME_START;UNITY_EXEC_TIME_STOP;UNITY_PRINT_EXEC_TIME;UNITY_TIME_TYPE;UNITY_INCLUDE_EXEC_TIME' since the value of 'UNITY_TIME_TYPE' is unknown. Use -D if you want to check it. You can use -U to skip it explicitly. [ConfigurationNotChecked]
    UNITY_TIME_TYPE CurrentTestStopTime;
^
3. Implementation/unity/unity.c:684:0: style: The function 'UnityAssertBits' is never used. [unusedFunction]

^
3. Implementation/unity/unity.c:903:0: style: The function 'UnityAssertEqualFloatArray' is never used. [unusedFunction]

^
3. Implementation/unity/unity.c:773:0: style: The function 'UnityAssertEqualIntArray' is never used. [unusedFunction]

^
3. Implementation/unity/unity.c:1503:0: style: The function 'UnityAssertEqualMemory' is never used. [unusedFunction]

^
3. Implementation/unity/unity.c:705:0: style: The function 'UnityAssertEqualNumber' is never used. [unusedFunction]

^
3. Implementation/unity/unity.c:1345:0: style: The function 'UnityAssertEqualString' is never used. [unusedFunction]

^
3. Implementation/unity/unity.c:1424:0: style: The function 'UnityAssertEqualStringArray' is never used. [unusedFunction]

^
3. Implementation/unity/unity.c:1384:0: style: The function 'UnityAssertEqualStringLen' is never used. [unusedFunction]

^
3. Implementation/unity/unity.c:970:0: style: The function 'UnityAssertFloatSpecial' is never used. [unusedFunction]

^
3. Implementation/unity/unity.c:951:0: style: The function 'UnityAssertFloatsWithin' is never used. [unusedFunction]

^
3. Implementation/unity/unity.c:726:0: style: The function 'UnityAssertGreaterOrLessOrEqualNumber' is never used. [unusedFunction]

^
3. Implementation/unity/unity.c:1225:0: style: The function 'UnityAssertNumbersArrayWithin' is never used. [unusedFunction]

^
3. Implementation/unity/unity.c:1178:0: style: The function 'UnityAssertNumbersWithin' is never used. [unusedFunction]

^
3. Implementation/unity/unity.c:1855:0: style: The function 'UnityBegin' is never used. [unusedFunction]

^
3. Implementation/unity/unity.c:1827:0: style: The function 'UnityDefaultTestRun' is never used. [unusedFunction]

^
3. Implementation/unity/unity.c:1871:0: style: The function 'UnityEnd' is never used. [unusedFunction]

^
3. Implementation/unity/unity.c:1758:0: style: The function 'UnityFail' is never used. [unusedFunction]

^
3. Implementation/unity/unity.c:1610:0: style: The function 'UnityFloatToPtr' is never used. [unusedFunction]

^
3. Implementation/unity/unity.c:1795:0: style: The function 'UnityIgnore' is never used. [unusedFunction]

^
3. Implementation/unity/unity.c:1811:0: style: The function 'UnityMessage' is never used. [unusedFunction]

^
3. Implementation/unity/unity.c:1584:0: style: The function 'UnityNumToPtr' is never used. [unusedFunction]

^
3. Implementation/unity/unity.c:1849:0: style: The function 'UnitySetTestFile' is never used. [unusedFunction]

^
nofile:0:0: information: Cppcheck cannot find all the include files (use --check-config for details) [missingInclude]

